0        0
0.40     10
0.80     20
1.20     30
1.61     40
2.02     50
2.43     60
2.85     70
3.26     80
3.68     90
4.10     100
4.51     110
4.92     120
5.33     130
5.73     140
6.1      150
6.53     160
6.93     170
7.33     180
7.73     190
8.13     200
8.54     210
8.92     220
9.34     230
9.75     240
10.16    250
10.57    260
10.98    270
11.39    280
11.80    290
12.21    300
12.63    310
13.04    320
13.46    330
13.88    340
14.29    350
14.71    360
15.13    370
15.55    380
15.98    390
16.40    400
16.82    410
17.24    420
17.67    430
18.09    440
18.51    450
18.94    460
19.36    470
19.79    480
20.22    490
20.65    500
21.07    510
21.50    520
21.92    530
22.35    540
22.78    550
23.20    560
23.63    570
24.06    580
24.49    590
24.91    600
25.35    610
25.76    620
26.19    630
26.61    640
27.03    650
27.45    660
27.87    670
28.29    680
28.72    690
29.14    700
29.56    710
29.97    720
30.39    730
30.81    740
31.23    750
31.65    760
32.06    770
32.48    780
32.89    790
33.30    800
33.71    810
34.12    820
34.53    830
34.93    840
35.34    850
35.75    860
36.15    870
36.55    880
36.96    890
37.36    900
37.76    910
38.16    920
38.56    930
38.95    940
39.35    950
39.75    960
40.19    970
40.53    980
40.92    990
41.31    1000
41.70    1010
42.09    1020
42.49    1030
42.87    1040
43.85    1050
43.63    1060
44.02    1070
44.40    1080
44.78    1090
45.16    1100
45.54    1110
45.92    1120
46.29    1130
46.67    1140
47.04    1150
47.41    1160
47.78    1170
48.15    1180
48.52    1190
48.89    1200
49.25    1210
49.62    1220
49.98    1230
50.34    1240
50.69    1250
51.05    1260
51.41    1270
51.76    1280
52.11    1290
52.64    1300
52.81    1310
53.16    1320
53.51    1330
53.85    1340
54.20    1350
54.54    1360
54.88    1370

