# ring1:32 -- linac magnetic system, incl. magnetic correction
# file 		driver 		bus_id 	main_info

# Magcor rack RST2 (rightmost)
remdrv	remdrv	0,31	w40,r20,w8,r8,w1,r1,r22,r100,w64,r36 -	cangw/cangw-rst2n3:xcanadc40 time=2 magn=0 end=31
remdrv	remdrv	0,30	w40,r20,w8,r8,w1,r1,r22,r100,w64,r36 -	cangw/cangw-rst2n3:xcandac16
remdrv	remdrv	0,29	w40,r20,w8,r8,w1,r1,r22,r100,w64,r36 -	cangw/cangw-rst2n3:xcanadc40 time=2 magn=0 end=31
remdrv	remdrv	0,28	w40,r20,w8,r8,w1,r1,r22,r100,w64,r36 -	cangw/cangw-rst2n3:xcandac16
remdrv	remdrv	0,27	w40,r20,w8,r8,w1,r1,r22,r100,w64,r36 -	cangw/cangw-rst2n3:xcanadc40 time=2 magn=0 end=31
remdrv	remdrv	0,26	w40,r20,w8,r8,w1,r1,r22,r100,w64,r36 -	cangw/cangw-rst2n3:xcandac16

# Magcor rack RST3
remdrv	remdrv	0,15	w40,r20,w8,r8,w1,r1,r22,r100,w64,r36 -	cangw/cangw-rst2n3:xcanadc40 time=2 magn=0 end=31
remdrv	remdrv	0,14	w40,r20,w8,r8,w1,r1,r22,r100,w64,r36 -	cangw/cangw-rst2n3:xcandac16
remdrv	remdrv	0,13	w40,r20,w8,r8,w1,r1,r22,r100,w64,r36 -	cangw/cangw-rst2n3:xcanadc40 time=2 magn=0 end=31
remdrv	remdrv	0,12	w40,r20,w8,r8,w1,r1,r22,r100,w64,r36 -	cangw/cangw-rst2n3:xcandac16
remdrv	remdrv	0,11	w40,r20,w8,r8,w1,r1,r22,r100,w64,r36 -	cangw/cangw-rst2n3:xcanadc40 time=2 magn=0 end=31
remdrv	remdrv	0,10	w40,r20,w8,r8,w1,r1,r22,r100,w64,r36 -	cangw/cangw-rst2n3:xcandac16

# Magcor rack RST4
remdrv	remdrv	0,63	w20,w8,r8,w1,r1,r12,r24,w16,r8	8*1+58i/1+58i,1*1+261i/1+261i	cangw/cangw-rst4n5:xcac208
remdrv	remdrv	0,62	w20,w8,r8,w1,r1,r12,r24,w16,r8	8*1+58i/1+58i,1*1+261i/1+261i	cangw/cangw-rst4n5:xcac208
remdrv	remdrv	0,61	w20,w8,r8,w1,r1,r12,r24,w16,r8	8*1+58i/1+58i,1*1+261i/1+261i	cangw/cangw-rst4n5:xcac208
remdrv	remdrv	0,60	w20,w8,r8,w1,r1,r12,r24,w16,r8	8*1+58i/1+58i,1*1+261i/1+261i	cangw/cangw-rst4n5:xcac208
remdrv	remdrv	0,59	w20,w8,r8,w1,r1,r12,r24,w16,r8	8*1+58i/1+58i,1*1+261i/1+261i	cangw/cangw-rst4n5:xcac208
remdrv	remdrv	0,58	w20,w8,r8,w1,r1,r12,r24,w16,r8	8*1+58i/1+58i,1*1+261i/1+261i	cangw/cangw-rst4n5:xcac208

# Magcor rack RST5
remdrv	remdrv	0,47	w20,w8,r8,w1,r1,r12,r24,w16,r8	8*1+58i/1+58i,1*1+261i/1+261i	cangw/cangw-rst4n5:xcac208
remdrv	remdrv	0,46	w20,w8,r8,w1,r1,r12,r24,w16,r8	8*1+58i/1+58i,1*1+261i/1+261i	cangw/cangw-rst4n5:xcac208
remdrv	remdrv	0,45	w20,w8,r8,w1,r1,r12,r24,w16,r8	8*1+58i/1+58i,1*1+261i/1+261i	cangw/cangw-rst4n5:xcac208
remdrv	remdrv	0,44	w20,w8,r8,w1,r1,r12,r24,w16,r8	8*1+58i/1+58i,1*1+261i/1+261i	cangw/cangw-rst4n5:xcac208
remdrv	remdrv	0,43	w20,w8,r8,w1,r1,r12,r24,w16,r8	8*1+58i/1+58i,1*1+261i/1+261i	cangw/cangw-rst4n5:xcac208
remdrv	remdrv	0,42	w20,w8,r8,w1,r1,r12,r24,w16,r8	8*1+58i/1+58i,1*1+261i/1+261i	cangw/cangw-rst4n5:xcac208
remdrv	remdrv	0,41	w20,w8,r8,w1,r1,r12,r24,w16,r8	8*1+58i/1+58i,1*1+261i/1+261i	cangw/cangw-rst4n5:xcac208
remdrv	remdrv	0,40	w20,w8,r8,w1,r1,r12,r24,w16,r8	8*1+58i/1+58i,1*1+261i/1+261i	cangw/cangw-rst4n5:xcac208

# VCh400 @IP-1 v5-sr-ist st-ist.cmd v5_s_ist.db
:v4hxa40:remdrv	remdrv	0,40	w40,r20,w8,r8,w1,r1,r22,r100,w64,r36	-		cangw/v5-sr-ist:xcanadc40 time=4 magn=0
:v4hxd16:remdrv	remdrv	0,39	w40,r20,w8,r8,w1,r1,r22,r100,w64,r36	-		cangw/v5-sr-ist:xcandac16
:v4h_ip1_1l10:v3h_xa40d16	v3h_xa40d16	-	w7,r13	-	v4hxa40,v4hxd16:0
:v4h_ip1_1l11:v3h_xa40d16	v3h_xa40d16	-	w7,r13	-	v4hxa40,v4hxd16:1
:v4h_ip1_2l1:v3h_xa40d16	v3h_xa40d16	-	w7,r13	-	v4hxa40,v4hxd16:2
:v4h_ip1_2l2:v3h_xa40d16	v3h_xa40d16	-	w7,r13	-	v4hxa40,v4hxd16:3
:v4h_ip1_2l3:v3h_xa40d16	v3h_xa40d16	-	w7,r13	-	v4hxa40,v4hxd16:4
:v4h_ip1_2l4:v3h_xa40d16	v3h_xa40d16	-	w7,r13	-	v4hxa40,v4hxd16:5
:v4h_ip1_2l5:v3h_xa40d16	v3h_xa40d16	-	w7,r13	-	v4hxa40,v4hxd16:6
:v4h_ip1_rsrv:v3h_xa40d16	v3h_xa40d16	-	w7,r13	-	v4hxa40,v4hxd16:7

# 5x ISTs in IP-2; 192.168.8.22  v5-sr-ps st-sps.cmd v5_s_ps.db
:icd_ip2_1l0:remdrv		remdrv		0,15	w40,r20,w8,r8,w1,r1,r22,r100,w64,r36	-	cangw/v5-sr-ps:xcdac20 spd=-400000
:ist_ip2_1l0:v1k_xcdac20	v1k_xcdac20	-	w50,r50					-	icd_ip2_1l0
:icd_ip2_1l1:remdrv		remdrv		0,14	w40,r20,w8,r8,w1,r1,r22,r100,w64,r36	-	cangw/v5-sr-ps:xcdac20 spd=-400000
:ist_ip2_1l1:v1k_xcdac20	v1k_xcdac20	-	w50,r50					-	icd_ip2_1l1
:icd_ip2_1l2:remdrv		remdrv		0,13	w40,r20,w8,r8,w1,r1,r22,r100,w64,r36	-	cangw/v5-sr-ps:xcdac20 spd=-400000
:ist_ip2_1l2:v1k_xcdac20	v1k_xcdac20	-	w50,r50					-	icd_ip2_1l2
:icd_ip2_1l3:remdrv		remdrv		0,12	w40,r20,w8,r8,w1,r1,r22,r100,w64,r36	-	cangw/v5-sr-ps:xcdac20 spd=-400000
:ist_ip2_1l3:v1k_xcdac20	v1k_xcdac20	-	w50,r50					-	icd_ip2_1l3
:icd_ip2_1l4:remdrv		remdrv		0,11	w40,r20,w8,r8,w1,r1,r22,r100,w64,r36	-	cangw/v5-sr-ps:xcdac20 spd=-400000
:ist_ip2_1l4:v1k_xcdac20	v1k_xcdac20	-	w50,r50					-	icd_ip2_1l4

# "v1000" 192.168.8.27  v5-sr-v1k st-v1k.cmd v5_s_v1k.db
# {icd,ist}_ip1_{3m4,4m4,3m1,4m1,r14,d1,sm1,1l7,r8,r9}
:icd_ip1_3m4:remdrv		remdrv		0,24	w40,r20,w8,r8,w1,r1,r22,r100,w64,r36	-	cangw/v5-sr-v1k:xcdac20 spd=-400000
:ist_ip1_3m4:ist_xcdac20	ist_xcdac20	-	w50,r50					-	icd_ip1_3m4
:icd_ip1_4m4:remdrv		remdrv		0,23	w40,r20,w8,r8,w1,r1,r22,r100,w64,r36	-	cangw/v5-sr-v1k:xcdac20 spd=-400000
:ist_ip1_4m4:ist_xcdac20	ist_xcdac20	-	w50,r50					-	icd_ip1_4m4
:icd_ip1_3m1:remdrv		remdrv		0,22	w40,r20,w8,r8,w1,r1,r22,r100,w64,r36	-	cangw/v5-sr-v1k:xcdac20 spd=-400000
:ist_ip1_3m1:ist_xcdac20	ist_xcdac20	-	w50,r50					-	icd_ip1_3m1
:icd_ip1_4m1:remdrv		remdrv		0,21	w40,r20,w8,r8,w1,r1,r22,r100,w64,r36	-	cangw/v5-sr-v1k:xcdac20 spd=-400000
:ist_ip1_4m1:ist_xcdac20	ist_xcdac20	-	w50,r50					-	icd_ip1_4m1
# vvv kid=20
:icd_ip1_r14:remdrv		remdrv		0,99	w40,r20,w8,r8,w1,r1,r22,r100,w64,r36	-	cangw/v5-sr-v1k:xcdac20 spd=-400000
:ist_ip1_r14:ist_xcdac20	ist_xcdac20	-	w50,r50					-	icd_ip1_r14
:icd_ip1_d1: remdrv		remdrv		0,27	w40,r20,w8,r8,w1,r1,r22,r100,w64,r36	-	cangw/v5-sr-v1k:xcdac20 spd=-400000
:ist_ip1_d1: ist_xcdac20	ist_xcdac20	-	w50,r50					-	icd_ip1_d1
:icd_ip1_sm1:remdrv		remdrv		0,26	w40,r20,w8,r8,w1,r1,r22,r100,w64,r36	-	cangw/v5-sr-v1k:xcdac20 spd=-400000
:ist_ip1_sm1:ist_xcdac20	ist_xcdac20	-	w50,r50					-	icd_ip1_sm1
:icd_ip1_1l7:remdrv		remdrv		0,25	w40,r20,w8,r8,w1,r1,r22,r100,w64,r36	-	cangw/v5-sr-v1k:xcdac20 spd=-400000
:ist_ip1_1l7:ist_xcdac20	ist_xcdac20	-	w50,r50					-	icd_ip1_1l7
:icd_ip1_r8: remdrv		remdrv		0,99	w40,r20,w8,r8,w1,r1,r22,r100,w64,r36	-	cangw/v5-sr-v1k:xcdac20 spd=-400000
:ist_ip1_r8: ist_xcdac20	ist_xcdac20	-	w50,r50					-	icd_ip1_r8
:icd_ip1_r9: remdrv		remdrv		0,99	w40,r20,w8,r8,w1,r1,r22,r100,w64,r36	-	cangw/v5-sr-v1k:xcdac20 spd=-400000
:ist_ip1_r9: ist_xcdac20	ist_xcdac20	-	w50,r50					-	icd_ip1_r9

# "ist" 192.168.8.28  v5-sr-ist st-ist.cmd v5_s_ist.db
# {icd,ist}_ip1_{rm1,1m5,d3,d2,f4,f3,f1,i12,i13,i14}
:icd_ip1_rm1:remdrv		remdrv		0,31	w40,r20,w8,r8,w1,r1,r22,r100,w64,r36	-	cangw/v5-sr-ist:xcdac20 spd=-400000
:ist_ip1_rm1:ist_xcdac20	ist_xcdac20	-	w50,r50					-	icd_ip1_rm1
:icd_ip1_1m5:remdrv		remdrv		0,32	w40,r20,w8,r8,w1,r1,r22,r100,w64,r36	-	cangw/v5-sr-ist:xcdac20 spd=-400000
:ist_ip1_1m5:ist_xcdac20	ist_xcdac20	-	w50,r50					-	icd_ip1_1m5
:icd_ip1_d3: remdrv		remdrv		0,33	w40,r20,w8,r8,w1,r1,r22,r100,w64,r36	-	cangw/v5-sr-ist:xcdac20 spd=-400000
:ist_ip1_d3: ist_xcdac20	ist_xcdac20	-	w50,r50					-	icd_ip1_d3
:icd_ip1_d2: remdrv		remdrv		0,34	w40,r20,w8,r8,w1,r1,r22,r100,w64,r36	-	cangw/v5-sr-ist:xcdac20 spd=-400000
:ist_ip1_d2: ist_xcdac20	ist_xcdac20	-	w50,r50					-	icd_ip1_d2
:icd_ip1_f4: remdrv		remdrv		0,35	w40,r20,w8,r8,w1,r1,r22,r100,w64,r36	-	cangw/v5-sr-ist:xcdac20 spd=-400000
:ist_ip1_f4: ist_xcdac20	ist_xcdac20	-	w50,r50					-	icd_ip1_f4
:icd_ip1_f3: remdrv		remdrv		0,36	w40,r20,w8,r8,w1,r1,r22,r100,w64,r36	-	cangw/v5-sr-ist:xcdac20 spd=-400000
:ist_ip1_f3: ist_xcdac20	ist_xcdac20	-	w50,r50					-	icd_ip1_f3
:icd_ip1_f1: remdrv		remdrv		0,37	w40,r20,w8,r8,w1,r1,r22,r100,w64,r36	-	cangw/v5-sr-ist:xcdac20 spd=-400000
:ist_ip1_f1: ist_xcdac20	ist_xcdac20	-	w50,r50					-	icd_ip1_f1
:icd_ip1_i12:remdrv		remdrv		0,42	w40,r20,w8,r8,w1,r1,r22,r100,w64,r36	-	cangw/v5-sr-ist:xcdac20 spd=-400000
:ist_ip1_i12:ist_xcdac20	ist_xcdac20	-	w50,r50					-	icd_ip1_i12
:icd_ip1_i13:remdrv		remdrv		0,43	w40,r20,w8,r8,w1,r1,r22,r100,w64,r36	-	cangw/v5-sr-ist:xcdac20 spd=-400000
:ist_ip1_i13:ist_xcdac20	ist_xcdac20	-	w50,r50					-	-icd_ip1_i13
:icd_ip1_i14:remdrv		remdrv		0,44	w40,r20,w8,r8,w1,r1,r22,r100,w64,r36	-	cangw/v5-sr-ist:xcdac20 spd=-400000
:ist_ip1_i14:ist_xcdac20	ist_xcdac20	-	w50,r50					-	-icd_ip1_i14
